[ 2016-05-18T12:01:28+08:00 ] 127.0.0.1 /phpmyadmin/smallTest/shop/
INFO: [ app_init ] --START--
INFO: Run Behavior\BuildLiteBehavior [ RunTime:0.000013s ]
INFO: [ app_init ] --END-- [ RunTime:0.001077s ]
INFO: [ app_begin ] --START--
INFO: Run Behavior\ReadHtmlCacheBehavior [ RunTime:0.001700s ]
INFO: [ app_begin ] --END-- [ RunTime:0.001769s ]
NOTIC: [2] Missing argument 1 for Think\Controller::show(), called in /usr/share/phpmyadmin/smallTest/shop/Home/Controller/IndexController.class.php on line 6 and defined /usr/share/phpmyadmin/smallTest/ThinkPHP/Library/Think/Controller.class.php 第 68 行.
NOTIC: [8] Undefined variable: content /usr/share/phpmyadmin/smallTest/ThinkPHP/Library/Think/Controller.class.php 第 69 行.
INFO: [ view_parse ] --START--
INFO: [ template_filter ] --START--
INFO: Run Behavior\ContentReplaceBehavior [ RunTime:0.026638s ]
INFO: [ template_filter ] --END-- [ RunTime:0.026772s ]

[ 2016-05-18T12:02:02+08:00 ] 127.0.0.1 /phpmyadmin/smallTest/shop/
INFO: [ app_init ] --START--
INFO: Run Behavior\BuildLiteBehavior [ RunTime:0.000016s ]
INFO: [ app_init ] --END-- [ RunTime:0.000131s ]
INFO: [ app_begin ] --START--
INFO: Run Behavior\ReadHtmlCacheBehavior [ RunTime:0.000098s ]
INFO: [ app_begin ] --END-- [ RunTime:0.000137s ]
NOTIC: [2] Missing argument 1 for Think\Controller::show(), called in /usr/share/phpmyadmin/smallTest/shop/Home/Controller/IndexController.class.php on line 6 and defined /usr/share/phpmyadmin/smallTest/ThinkPHP/Library/Think/Controller.class.php 第 68 行.
NOTIC: [8] Undefined variable: content /usr/share/phpmyadmin/smallTest/ThinkPHP/Library/Think/Controller.class.php 第 69 行.
INFO: [ view_parse ] --START--
INFO: [ template_filter ] --START--
INFO: Run Behavior\ContentReplaceBehavior [ RunTime:0.000102s ]
INFO: [ template_filter ] --END-- [ RunTime:0.000150s ]
INFO: Run Behavior\ParseTemplateBehavior [ RunTime:0.009494s ]
INFO: [ view_parse ] --END-- [ RunTime:0.009540s ]
INFO: [ view_filter ] --START--
INFO: Run Behavior\WriteHtmlCacheBehavior [ RunTime:0.009680s ]
INFO: [ view_filter ] --END-- [ RunTime:0.009738s ]
INFO: [ app_end ] --START--
INFO: Run Behavior\ShowPageTraceBehavior [ RunTime:0.019812s ]
INFO: [ app_end ] --END-- [ RunTime:0.019902s ]

