[ 2016-05-27T09:36:05+08:00 ] 127.0.0.1 /phpmyadmin/smallTest/shop/?g=Home&c=Index&a=index
INFO: [ app_init ] --START--
INFO: Run Behavior\BuildLiteBehavior [ RunTime:0.000032s ]
INFO: [ app_init ] --END-- [ RunTime:0.000198s ]
INFO: [ app_begin ] --START--
INFO: Run Behavior\ReadHtmlCacheBehavior [ RunTime:0.000173s ]
INFO: [ app_begin ] --END-- [ RunTime:0.000254s ]
NOTIC: [2] Missing argument 1 for Think\Controller::show(), called in /usr/share/phpmyadmin/smallTest/shop/Home/Controller/IndexController.class.php on line 6 and defined /usr/share/phpmyadmin/smallTest/ThinkPHP/Library/Think/Controller.class.php Á¨¨ 68 Ë°å.
NOTIC: [8] Undefined variable: content /usr/share/phpmyadmin/smallTest/ThinkPHP/Library/Think/Controller.class.php Á¨¨ 69 Ë°å.
INFO: [ view_parse ] --START--
INFO: [ template_filter ] --START--
INFO: Run Behavior\ContentReplaceBehavior [ RunTime:0.000159s ]
INFO: [ template_filter ] --END-- [ RunTime:0.000251s ]
INFO: Run Behavior\ParseTemplateBehavior [ RunTime:0.016021s ]
INFO: [ view_parse ] --END-- [ RunTime:0.016094s ]
INFO: [ view_filter ] --START--
INFO: Run Behavior\WriteHtmlCacheBehavior [ RunTime:0.000107s ]
INFO: [ view_filter ] --END-- [ RunTime:0.000144s ]
INFO: [ app_end ] --START--
INFO: Run Behavior\ShowPageTraceBehavior [ RunTime:0.000105s ]
INFO: [ app_end ] --END-- [ RunTime:0.000149s ]

[ 2016-05-27T09:36:27+08:00 ] 127.0.0.1 /phpmyadmin/smallTest/shop/?g=Home&c=Goods&a=showlist
INFO: [ app_init ] --START--
INFO: Run Behavior\BuildLiteBehavior [ RunTime:0.000029s ]
INFO: [ app_init ] --END-- [ RunTime:0.000249s ]
INFO: [ app_begin ] --START--
INFO: Run Behavior\ReadHtmlCacheBehavior [ RunTime:0.000224s ]
INFO: [ app_begin ] --END-- [ RunTime:0.000327s ]

[ 2016-05-27T09:36:50+08:00 ] 127.0.0.1 /phpmyadmin/smallTest/shop/?g=Home&c=Goods&a=showlist
INFO: [ app_init ] --START--
INFO: Run Behavior\BuildLiteBehavior [ RunTime:0.000023s ]
INFO: [ app_init ] --END-- [ RunTime:0.000195s ]
INFO: [ app_begin ] --START--
INFO: Run Behavior\ReadHtmlCacheBehavior [ RunTime:0.000192s ]
INFO: [ app_begin ] --END-- [ RunTime:0.000272s ]

[ 2016-05-27T09:36:51+08:00 ] 127.0.0.1 /phpmyadmin/smallTest/shop/?g=Home&c=Goods&a=showlist
INFO: [ app_init ] --START--
INFO: Run Behavior\BuildLiteBehavior [ RunTime:0.000023s ]
INFO: [ app_init ] --END-- [ RunTime:0.000165s ]
INFO: [ app_begin ] --START--
INFO: Run Behavior\ReadHtmlCacheBehavior [ RunTime:0.000183s ]
INFO: [ app_begin ] --END-- [ RunTime:0.000279s ]

[ 2016-05-27T09:37:20+08:00 ] 127.0.0.1 /phpmyadmin/smallTest/shop/?g=Home&c=Goods&a=showlist
INFO: [ app_init ] --START--
INFO: Run Behavior\BuildLiteBehavior [ RunTime:0.000031s ]
INFO: [ app_init ] --END-- [ RunTime:0.000275s ]
INFO: [ app_begin ] --START--
INFO: Run Behavior\ReadHtmlCacheBehavior [ RunTime:0.000248s ]
INFO: [ app_begin ] --END-- [ RunTime:0.000360s ]

[ 2016-05-27T09:38:04+08:00 ] 127.0.0.1 /phpmyadmin/smallTest/shop/?g=Home&c=Goods&a=showlist
INFO: [ app_init ] --START--
INFO: Run Behavior\BuildLiteBehavior [ RunTime:0.000020s ]
INFO: [ app_init ] --END-- [ RunTime:0.000164s ]
INFO: [ app_begin ] --START--
INFO: Run Behavior\ReadHtmlCacheBehavior [ RunTime:0.000247s ]
INFO: [ app_begin ] --END-- [ RunTime:0.000361s ]

[ 2016-05-27T09:39:15+08:00 ] 127.0.0.1 /phpmyadmin/smallTest/shop/?g=Home&c=Goods&a=showlist
INFO: [ app_init ] --START--
INFO: Run Behavior\BuildLiteBehavior [ RunTime:0.000017s ]
INFO: [ app_init ] --END-- [ RunTime:0.000159s ]
INFO: [ app_begin ] --START--
INFO: Run Behavior\ReadHtmlCacheBehavior [ RunTime:0.000164s ]
INFO: [ app_begin ] --END-- [ RunTime:0.000239s ]

[ 2016-05-27T09:39:16+08:00 ] 127.0.0.1 /phpmyadmin/smallTest/shop/?g=Home&c=Goods&a=showlist
INFO: [ app_init ] --START--
INFO: Run Behavior\BuildLiteBehavior [ RunTime:0.000032s ]
INFO: [ app_init ] --END-- [ RunTime:0.000202s ]
INFO: [ app_begin ] --START--
INFO: Run Behavior\ReadHtmlCacheBehavior [ RunTime:0.000148s ]
INFO: [ app_begin ] --END-- [ RunTime:0.000222s ]

[ 2016-05-27T09:40:43+08:00 ] 127.0.0.1 /phpmyadmin/smallTest/shop/?g=Home&c=Goods&a=showlist
INFO: [ app_init ] --START--
INFO: Run Behavior\BuildLiteBehavior [ RunTime:0.000026s ]
INFO: [ app_init ] --END-- [ RunTime:0.000211s ]
INFO: [ app_begin ] --START--
INFO: Run Behavior\ReadHtmlCacheBehavior [ RunTime:0.000209s ]
INFO: [ app_begin ] --END-- [ RunTime:0.000302s ]
ERR: SQLSTATE[28000] [1045] Access denied for user 'root'@'localhost' (using password: YES)

[ 2016-05-27T09:41:42+08:00 ] 127.0.0.1 /phpmyadmin/smallTest/shop/?g=Home&c=Goods&a=showlist
INFO: [ app_init ] --START--
INFO: Run Behavior\BuildLiteBehavior [ RunTime:0.000023s ]
INFO: [ app_init ] --END-- [ RunTime:0.000197s ]
INFO: [ app_begin ] --START--
INFO: Run Behavior\ReadHtmlCacheBehavior [ RunTime:0.000165s ]
INFO: [ app_begin ] --END-- [ RunTime:0.000240s ]
ERR: SQLSTATE[28000] [1045] Access denied for user 'root'@'localhost' (using password: YES)

[ 2016-05-27T09:41:43+08:00 ] 127.0.0.1 /phpmyadmin/smallTest/shop/?g=Home&c=Goods&a=showlist
INFO: [ app_init ] --START--
INFO: Run Behavior\BuildLiteBehavior [ RunTime:0.000018s ]
INFO: [ app_init ] --END-- [ RunTime:0.000126s ]
INFO: [ app_begin ] --START--
INFO: Run Behavior\ReadHtmlCacheBehavior [ RunTime:0.000127s ]
INFO: [ app_begin ] --END-- [ RunTime:0.000194s ]
ERR: SQLSTATE[28000] [1045] Access denied for user 'root'@'localhost' (using password: YES)

[ 2016-05-27T09:41:44+08:00 ] 127.0.0.1 /phpmyadmin/smallTest/shop/?g=Home&c=Goods&a=showlist
INFO: [ app_init ] --START--
INFO: Run Behavior\BuildLiteBehavior [ RunTime:0.000017s ]
INFO: [ app_init ] --END-- [ RunTime:0.000116s ]
INFO: [ app_begin ] --START--
INFO: Run Behavior\ReadHtmlCacheBehavior [ RunTime:0.000124s ]
INFO: [ app_begin ] --END-- [ RunTime:0.000194s ]
ERR: SQLSTATE[28000] [1045] Access denied for user 'root'@'localhost' (using password: YES)

[ 2016-05-27T09:42:32+08:00 ] 127.0.0.1 /phpmyadmin/smallTest/shop/?g=Home&c=Goods&a=showlist
INFO: [ app_init ] --START--
INFO: Run Behavior\BuildLiteBehavior [ RunTime:0.000022s ]
INFO: [ app_init ] --END-- [ RunTime:0.000177s ]
INFO: [ app_begin ] --START--
INFO: Run Behavior\ReadHtmlCacheBehavior [ RunTime:0.000155s ]
INFO: [ app_begin ] --END-- [ RunTime:0.000228s ]
ERR: SQLSTATE[28000] [1045] Access denied for user 'root'@'localhost' (using password: YES)

[ 2016-05-27T09:42:32+08:00 ] 127.0.0.1 /phpmyadmin/smallTest/shop/?g=Home&c=Goods&a=showlist
INFO: [ app_init ] --START--
INFO: Run Behavior\BuildLiteBehavior [ RunTime:0.000028s ]
INFO: [ app_init ] --END-- [ RunTime:0.000171s ]
INFO: [ app_begin ] --START--
INFO: Run Behavior\ReadHtmlCacheBehavior [ RunTime:0.000221s ]
INFO: [ app_begin ] --END-- [ RunTime:0.000342s ]
ERR: SQLSTATE[28000] [1045] Access denied for user 'root'@'localhost' (using password: YES)

[ 2016-05-27T09:50:53+08:00 ] 127.0.0.1 /phpmyadmin/smallTest/shop/?g=Home&c=Goods&a=showlist
INFO: [ app_init ] --START--
INFO: Run Behavior\BuildLiteBehavior [ RunTime:0.000018s ]
INFO: [ app_init ] --END-- [ RunTime:0.000143s ]
INFO: [ app_begin ] --START--
INFO: Run Behavior\ReadHtmlCacheBehavior [ RunTime:0.000141s ]
INFO: [ app_begin ] --END-- [ RunTime:0.000211s ]
SQL: SHOW COLUMNS FROM `sh_goods` [ RunTime:0.0005s ]
INFO: [ view_parse ] --START--
INFO: [ template_filter ] --START--
INFO: Run Behavior\ContentReplaceBehavior [ RunTime:0.000028s ]
INFO: [ template_filter ] --END-- [ RunTime:0.000066s ]
INFO: Run Behavior\ParseTemplateBehavior [ RunTime:0.001415s ]
INFO: [ view_parse ] --END-- [ RunTime:0.001458s ]
INFO: [ view_filter ] --START--
INFO: Run Behavior\WriteHtmlCacheBehavior [ RunTime:0.000077s ]
INFO: [ view_filter ] --END-- [ RunTime:0.000106s ]
NOTIC: [2] Cannot modify header information - headers already sent by (output started at /usr/share/phpmyadmin/smallTest/shop/Home/Controller/GoodsController.class.php:11) /usr/share/phpmyadmin/smallTest/ThinkPHP/Library/Think/View.class.php Á¨¨ 91 Ë°å.
NOTIC: [2] Cannot modify header information - headers already sent by (output started at /usr/share/phpmyadmin/smallTest/shop/Home/Controller/GoodsController.class.php:11) /usr/share/phpmyadmin/smallTest/ThinkPHP/Library/Think/View.class.php Á¨¨ 92 Ë°å.
NOTIC: [2] Cannot modify header information - headers already sent by (output started at /usr/share/phpmyadmin/smallTest/shop/Home/Controller/GoodsController.class.php:11) /usr/share/phpmyadmin/smallTest/ThinkPHP/Library/Think/View.class.php Á¨¨ 93 Ë°å.
INFO: [ app_end ] --START--
INFO: Run Behavior\ShowPageTraceBehavior [ RunTime:0.000077s ]
INFO: [ app_end ] --END-- [ RunTime:0.000106s ]

[ 2016-05-27T10:01:22+08:00 ] 127.0.0.1 /phpmyadmin/smallTest/shop/?g=Home&c=Goods&a=showlist
INFO: [ app_init ] --START--
INFO: Run Behavior\BuildLiteBehavior [ RunTime:0.000019s ]
INFO: [ app_init ] --END-- [ RunTime:0.000126s ]
INFO: [ app_begin ] --START--
INFO: Run Behavior\ReadHtmlCacheBehavior [ RunTime:0.000092s ]
INFO: [ app_begin ] --END-- [ RunTime:0.000130s ]
INFO: [ view_parse ] --START--
INFO: [ template_filter ] --START--
INFO: Run Behavior\ContentReplaceBehavior [ RunTime:0.000032s ]
INFO: [ template_filter ] --END-- [ RunTime:0.000080s ]
INFO: Run Behavior\ParseTemplateBehavior [ RunTime:0.001569s ]
INFO: [ view_parse ] --END-- [ RunTime:0.001620s ]
INFO: [ view_filter ] --START--
INFO: Run Behavior\WriteHtmlCacheBehavior [ RunTime:0.000093s ]
INFO: [ view_filter ] --END-- [ RunTime:0.000136s ]
NOTIC: [2] Cannot modify header information - headers already sent by (output started at /usr/share/phpmyadmin/smallTest/shop/Home/Controller/GoodsController.class.php:14) /usr/share/phpmyadmin/smallTest/ThinkPHP/Library/Think/View.class.php Á¨¨ 91 Ë°å.
NOTIC: [2] Cannot modify header information - headers already sent by (output started at /usr/share/phpmyadmin/smallTest/shop/Home/Controller/GoodsController.class.php:14) /usr/share/phpmyadmin/smallTest/ThinkPHP/Library/Think/View.class.php Á¨¨ 92 Ë°å.
NOTIC: [2] Cannot modify header information - headers already sent by (output started at /usr/share/phpmyadmin/smallTest/shop/Home/Controller/GoodsController.class.php:14) /usr/share/phpmyadmin/smallTest/ThinkPHP/Library/Think/View.class.php Á¨¨ 93 Ë°å.
INFO: [ app_end ] --START--
INFO: Run Behavior\ShowPageTraceBehavior [ RunTime:0.000125s ]
INFO: [ app_end ] --END-- [ RunTime:0.000171s ]

[ 2016-05-27T10:06:04+08:00 ] 127.0.0.1 /phpmyadmin/smallTest/shop/?g=Home&c=Goods&a=showlist
INFO: [ app_init ] --START--
INFO: Run Behavior\BuildLiteBehavior [ RunTime:0.000026s ]
INFO: [ app_init ] --END-- [ RunTime:0.000208s ]
INFO: [ app_begin ] --START--
INFO: Run Behavior\ReadHtmlCacheBehavior [ RunTime:0.000196s ]
INFO: [ app_begin ] --END-- [ RunTime:0.000297s ]
SQL: SHOW COLUMNS FROM `sh_goods` [ RunTime:0.0010s ]
INFO: [ app_end ] --START--
INFO: Run Behavior\ShowPageTraceBehavior [ RunTime:0.000312s ]
INFO: [ app_end ] --END-- [ RunTime:0.000405s ]

[ 2016-05-27T10:06:32+08:00 ] 127.0.0.1 /phpmyadmin/smallTest/shop/?g=Home&c=Goods&a=showlist
INFO: [ app_init ] --START--
INFO: Run Behavior\BuildLiteBehavior [ RunTime:0.000014s ]
INFO: [ app_init ] --END-- [ RunTime:0.000117s ]
INFO: [ app_begin ] --START--
INFO: Run Behavior\ReadHtmlCacheBehavior [ RunTime:0.000243s ]
INFO: [ app_begin ] --END-- [ RunTime:0.000348s ]
SQL: SHOW COLUMNS FROM `sh_goods` [ RunTime:0.0007s ]
NOTIC: [8] Undefined variable: Goods /usr/share/phpmyadmin/smallTest/shop/Home/Controller/GoodsController.class.php Á¨¨ 19 Ë°å.
INFO: [ app_end ] --START--
INFO: Run Behavior\ShowPageTraceBehavior [ RunTime:0.000216s ]
INFO: [ app_end ] --END-- [ RunTime:0.000298s ]

[ 2016-05-27T10:06:33+08:00 ] 127.0.0.1 /phpmyadmin/smallTest/shop/?g=Home&c=Goods&a=showlist
INFO: [ app_init ] --START--
INFO: Run Behavior\BuildLiteBehavior [ RunTime:0.000024s ]
INFO: [ app_init ] --END-- [ RunTime:0.000156s ]
INFO: [ app_begin ] --START--
INFO: Run Behavior\ReadHtmlCacheBehavior [ RunTime:0.000222s ]
INFO: [ app_begin ] --END-- [ RunTime:0.000347s ]
SQL: SHOW COLUMNS FROM `sh_goods` [ RunTime:0.0006s ]
NOTIC: [8] Undefined variable: Goods /usr/share/phpmyadmin/smallTest/shop/Home/Controller/GoodsController.class.php Á¨¨ 19 Ë°å.
INFO: [ app_end ] --START--
INFO: Run Behavior\ShowPageTraceBehavior [ RunTime:0.000194s ]
INFO: [ app_end ] --END-- [ RunTime:0.000279s ]

[ 2016-05-27T10:06:51+08:00 ] 127.0.0.1 /phpmyadmin/smallTest/shop/?g=Home&c=Goods&a=showlist
INFO: [ app_init ] --START--
INFO: Run Behavior\BuildLiteBehavior [ RunTime:0.000016s ]
INFO: [ app_init ] --END-- [ RunTime:0.000126s ]
INFO: [ app_begin ] --START--
INFO: Run Behavior\ReadHtmlCacheBehavior [ RunTime:0.000114s ]
INFO: [ app_begin ] --END-- [ RunTime:0.000163s ]
SQL: SHOW COLUMNS FROM `sh_goods` [ RunTime:0.0006s ]
NOTIC: [8] Undefined variable: Goods /usr/share/phpmyadmin/smallTest/shop/Home/Controller/GoodsController.class.php Á¨¨ 19 Ë°å.
INFO: [ app_end ] --START--
INFO: Run Behavior\ShowPageTraceBehavior [ RunTime:0.000227s ]
INFO: [ app_end ] --END-- [ RunTime:0.000299s ]

[ 2016-05-27T10:06:52+08:00 ] 127.0.0.1 /phpmyadmin/smallTest/shop/?g=Home&c=Goods&a=showlist
INFO: [ app_init ] --START--
INFO: Run Behavior\BuildLiteBehavior [ RunTime:0.000016s ]
INFO: [ app_init ] --END-- [ RunTime:0.000106s ]
INFO: [ app_begin ] --START--
INFO: Run Behavior\ReadHtmlCacheBehavior [ RunTime:0.000112s ]
INFO: [ app_begin ] --END-- [ RunTime:0.000165s ]
SQL: SHOW COLUMNS FROM `sh_goods` [ RunTime:0.0009s ]
NOTIC: [8] Undefined variable: Goods /usr/share/phpmyadmin/smallTest/shop/Home/Controller/GoodsController.class.php Á¨¨ 19 Ë°å.
INFO: [ app_end ] --START--
INFO: Run Behavior\ShowPageTraceBehavior [ RunTime:0.000141s ]
INFO: [ app_end ] --END-- [ RunTime:0.000198s ]

[ 2016-05-27T10:07:23+08:00 ] 127.0.0.1 /phpmyadmin/smallTest/shop/?g=Home&c=Goods&a=showlist
INFO: [ app_init ] --START--
INFO: Run Behavior\BuildLiteBehavior [ RunTime:0.000019s ]
INFO: [ app_init ] --END-- [ RunTime:0.000157s ]
INFO: [ app_begin ] --START--
INFO: Run Behavior\ReadHtmlCacheBehavior [ RunTime:0.000167s ]
INFO: [ app_begin ] --END-- [ RunTime:0.000243s ]
SQL: SHOW COLUMNS FROM `sh_goods` [ RunTime:0.0006s ]
NOTIC: [8] Undefined variable: goods /usr/share/phpmyadmin/smallTest/shop/Home/Controller/GoodsController.class.php Á¨¨ 19 Ë°å.
INFO: [ app_end ] --START--
INFO: Run Behavior\ShowPageTraceBehavior [ RunTime:0.000172s ]
INFO: [ app_end ] --END-- [ RunTime:0.000244s ]

[ 2016-05-27T10:07:24+08:00 ] 127.0.0.1 /phpmyadmin/smallTest/shop/?g=Home&c=Goods&a=showlist
INFO: [ app_init ] --START--
INFO: Run Behavior\BuildLiteBehavior [ RunTime:0.000012s ]
INFO: [ app_init ] --END-- [ RunTime:0.000081s ]
INFO: [ app_begin ] --START--
INFO: Run Behavior\ReadHtmlCacheBehavior [ RunTime:0.000145s ]
INFO: [ app_begin ] --END-- [ RunTime:0.000224s ]
SQL: SHOW COLUMNS FROM `sh_goods` [ RunTime:0.0005s ]
NOTIC: [8] Undefined variable: goods /usr/share/phpmyadmin/smallTest/shop/Home/Controller/GoodsController.class.php Á¨¨ 19 Ë°å.
INFO: [ app_end ] --START--
INFO: Run Behavior\ShowPageTraceBehavior [ RunTime:0.000154s ]
INFO: [ app_end ] --END-- [ RunTime:0.000227s ]

[ 2016-05-27T10:07:31+08:00 ] 127.0.0.1 /phpmyadmin/smallTest/shop/?g=Home&c=Goods&a=showlist
INFO: [ app_init ] --START--
INFO: Run Behavior\BuildLiteBehavior [ RunTime:0.000014s ]
INFO: [ app_init ] --END-- [ RunTime:0.000108s ]
INFO: [ app_begin ] --START--
INFO: Run Behavior\ReadHtmlCacheBehavior [ RunTime:0.000101s ]
INFO: [ app_begin ] --END-- [ RunTime:0.000152s ]
SQL: SHOW COLUMNS FROM `sh_goods` [ RunTime:0.0007s ]
NOTIC: [8] Undefined variable: goods /usr/share/phpmyadmin/smallTest/shop/Home/Controller/GoodsController.class.php Á¨¨ 19 Ë°å.
INFO: [ app_end ] --START--
INFO: Run Behavior\ShowPageTraceBehavior [ RunTime:0.000211s ]
INFO: [ app_end ] --END-- [ RunTime:0.000289s ]

[ 2016-05-27T10:07:32+08:00 ] 127.0.0.1 /phpmyadmin/smallTest/shop/?g=Home&c=Goods&a=showlist
INFO: [ app_init ] --START--
INFO: Run Behavior\BuildLiteBehavior [ RunTime:0.000030s ]
INFO: [ app_init ] --END-- [ RunTime:0.000227s ]
INFO: [ app_begin ] --START--
INFO: Run Behavior\ReadHtmlCacheBehavior [ RunTime:0.000195s ]
INFO: [ app_begin ] --END-- [ RunTime:0.000301s ]
SQL: SHOW COLUMNS FROM `sh_goods` [ RunTime:0.0009s ]
NOTIC: [8] Undefined variable: goods /usr/share/phpmyadmin/smallTest/shop/Home/Controller/GoodsController.class.php Á¨¨ 19 Ë°å.
INFO: [ app_end ] --START--
INFO: Run Behavior\ShowPageTraceBehavior [ RunTime:0.000206s ]
INFO: [ app_end ] --END-- [ RunTime:0.000309s ]

[ 2016-05-27T10:07:41+08:00 ] 127.0.0.1 /phpmyadmin/smallTest/shop/?g=Home&c=Goods&a=showlist
INFO: [ app_init ] --START--
INFO: Run Behavior\BuildLiteBehavior [ RunTime:0.000058s ]
INFO: [ app_init ] --END-- [ RunTime:0.000355s ]
INFO: [ app_begin ] --START--
INFO: Run Behavior\ReadHtmlCacheBehavior [ RunTime:0.000185s ]
INFO: [ app_begin ] --END-- [ RunTime:0.000290s ]
SQL: SHOW COLUMNS FROM `sh_goods` [ RunTime:0.0011s ]
INFO: [ app_end ] --START--
INFO: Run Behavior\ShowPageTraceBehavior [ RunTime:0.000202s ]
INFO: [ app_end ] --END-- [ RunTime:0.000281s ]

[ 2016-05-27T10:09:17+08:00 ] 127.0.0.1 /phpmyadmin/smallTest/shop/?g=Home&c=Goods&a=showlist
INFO: [ app_init ] --START--
INFO: Run Behavior\BuildLiteBehavior [ RunTime:0.000037s ]
INFO: [ app_init ] --END-- [ RunTime:0.000189s ]
INFO: [ app_begin ] --START--
INFO: Run Behavior\ReadHtmlCacheBehavior [ RunTime:0.000150s ]
INFO: [ app_begin ] --END-- [ RunTime:0.000220s ]
SQL: SHOW COLUMNS FROM `sh_book` [ RunTime:0.0005s ]
INFO: [ app_end ] --START--
INFO: Run Behavior\ShowPageTraceBehavior [ RunTime:0.000175s ]
INFO: [ app_end ] --END-- [ RunTime:0.000236s ]

[ 2016-05-27T10:23:18+08:00 ] 127.0.0.1 /phpmyadmin/smallTest/shop/?g=Home&c=Goods&a=showlist
INFO: [ app_init ] --START--
INFO: Run Behavior\BuildLiteBehavior [ RunTime:0.000019s ]
INFO: [ app_init ] --END-- [ RunTime:0.000157s ]
INFO: [ app_begin ] --START--
INFO: Run Behavior\ReadHtmlCacheBehavior [ RunTime:0.000157s ]
INFO: [ app_begin ] --END-- [ RunTime:0.000234s ]
SQL: SHOW COLUMNS FROM `sh_book` [ RunTime:0.0005s ]
SQL: SELECT * FROM `sh_book`  [ RunTime:0.0002s ]
INFO: [ app_end ] --START--
INFO: Run Behavior\ShowPageTraceBehavior [ RunTime:0.000158s ]
INFO: [ app_end ] --END-- [ RunTime:0.000206s ]

[ 2016-05-27T10:24:08+08:00 ] 127.0.0.1 /phpmyadmin/smallTest/shop/?g=Home&c=Goods&a=showlist
INFO: [ app_init ] --START--
INFO: Run Behavior\BuildLiteBehavior [ RunTime:0.000015s ]
INFO: [ app_init ] --END-- [ RunTime:0.000116s ]
INFO: [ app_begin ] --START--
INFO: Run Behavior\ReadHtmlCacheBehavior [ RunTime:0.000109s ]
INFO: [ app_begin ] --END-- [ RunTime:0.000158s ]
SQL: SHOW COLUMNS FROM `sh_book` [ RunTime:0.0006s ]
SQL: SELECT * FROM `sh_book`  [ RunTime:0.0002s ]
INFO: [ app_end ] --START--
INFO: Run Behavior\ShowPageTraceBehavior [ RunTime:0.000133s ]
INFO: [ app_end ] --END-- [ RunTime:0.000187s ]

[ 2016-05-27T12:09:34+08:00 ] 127.0.0.1 /phpmyadmin/smallTest/shop/
ERR: Syntax Error in template "/usr/share/phpmyadmin/smallTest/shop/Home/View/Index/index.html"  on line 37 "&lt;form id=&quot;login_input&quot; class=&quot;login_input&quot; action=&quot;{$smarty.const.SHOP_URL ?&gt;?g=Home&amp;&amp;c=Index&amp;&amp;a=login&quot; method=&quot;post&quot; &gt;"  - Unexpected " ?", expected one of: "}" , " "

[ 2016-05-27T13:37:23+08:00 ] 127.0.0.1 /phpmyadmin/smallTest/shop/?g=Home&c=Goods&a=showlist
ERR: Think\Controller:whereÊñπÊ≥ï‰∏çÂ≠òÂú®ÔºÅ

[ 2016-05-27T14:25:19+08:00 ] 127.0.0.1 /phpmyadmin/smallTest/shop/?g=Home&c=Goods&a=showlist&id=many%20book
ERR: 1054:Unknown column '$id' in 'where clause'
 [ SQLËØ≠Âè• ] : SELECT * FROM `sh_book` WHERE ( bookname like $id ) 

[ 2016-05-27T14:25:48+08:00 ] 127.0.0.1 /phpmyadmin/smallTest/shop/?g=Home&c=Goods&a=showlist&id=many%20book
ERR: 1064:You have an error in your SQL syntax; check the manual that corresponds to your MySQL server version for the right syntax to use near 'book )' at line 1
 [ SQLËØ≠Âè• ] : SELECT * FROM `sh_book` WHERE ( bookname like many book ) 

[ 2016-05-27T14:39:20+08:00 ] 127.0.0.1 /phpmyadmin/smallTest/shop/?g=Home&c=Goods&a=showlist&search=34244
ERR: Ê®°Êùø‰∏çÂ≠òÂú®:/usr/share/phpmyadmin/smallTest/shop/Home/View/Goods/sorry.html

[ 2016-05-27T15:04:08+08:00 ] 127.0.0.1 /phpmyadmin/smallTest/shop/?g=Home&c=Goods&a=showlist&search=%E6%95%B0%E5%AD%A6
ERR: 1064:You have an error in your SQL syntax; check the manual that corresponds to your MySQL server version for the right syntax to use near 'ï∞Â≠¶ )' at line 1
 [ SQLËØ≠Âè• ] : SELECT * FROM `sh_book` WHERE ( bookname like Êï∞Â≠¶ ) 

[ 2016-05-27T15:04:42+08:00 ] 127.0.0.1 /phpmyadmin/smallTest/shop/?g=Home&c=Goods&a=showlist&search=%E6%95%B0%E5%AD%A6
ERR: 1064:You have an error in your SQL syntax; check the manual that corresponds to your MySQL server version for the right syntax to use near 'ï∞Â≠¶ )' at line 1
 [ SQLËØ≠Âè• ] : SELECT * FROM `sh_book` WHERE ( bookname like Êï∞Â≠¶ ) 

[ 2016-05-27T15:04:43+08:00 ] 127.0.0.1 /phpmyadmin/smallTest/shop/?g=Home&c=Goods&a=showlist&search=%E6%95%B0%E5%AD%A6
ERR: 1064:You have an error in your SQL syntax; check the manual that corresponds to your MySQL server version for the right syntax to use near 'ï∞Â≠¶ )' at line 1
 [ SQLËØ≠Âè• ] : SELECT * FROM `sh_book` WHERE ( bookname like Êï∞Â≠¶ ) 

[ 2016-05-27T15:04:43+08:00 ] 127.0.0.1 /phpmyadmin/smallTest/shop/?g=Home&c=Goods&a=showlist&search=%E6%95%B0%E5%AD%A6
ERR: 1064:You have an error in your SQL syntax; check the manual that corresponds to your MySQL server version for the right syntax to use near 'ï∞Â≠¶ )' at line 1
 [ SQLËØ≠Âè• ] : SELECT * FROM `sh_book` WHERE ( bookname like Êï∞Â≠¶ ) 

[ 2016-05-27T18:17:17+08:00 ] 127.0.0.1 /phpmyadmin/smallTest/shop/?g=Home&c=Goods&a=showlist&search=
ERR: Syntax Error in template "/usr/share/phpmyadmin/smallTest/shop/Home/View/Goods/showlist.html"  on line 3 "{wewerwr}" unknown tag "wewerwr"

[ 2016-05-27T18:24:44+08:00 ] 127.0.0.1 /phpmyadmin/smallTest/shop/?g=Home&c=Goods&a=showlist&search=rewr
ERR: Unable to load template file 'P/Tpl/dispatch_jump.tpl'

[ 2016-05-27T18:25:32+08:00 ] 127.0.0.1 /phpmyadmin/smallTest/shop/?g=Home&c=Goods&a=showlist&search=rewr
ERR: Unable to load template file 'P/Tpl/dispatch_jump.tpl'

[ 2016-05-27T18:25:58+08:00 ] 127.0.0.1 /phpmyadmin/smallTest/shop/?g=Home&c=Goods&a=showlist&search=rewr
ERR: Unable to load template file 'P/Tpl/dispatch_jump.tpl'

[ 2016-05-27T18:25:59+08:00 ] 127.0.0.1 /phpmyadmin/smallTest/shop/?g=Home&c=Goods&a=showlist&search=rewr
ERR: Unable to load template file 'P/Tpl/dispatch_jump.tpl'

[ 2016-05-27T18:26:00+08:00 ] 127.0.0.1 /phpmyadmin/smallTest/shop/?g=Home&c=Goods&a=showlist&search=rewr
ERR: Unable to load template file 'P/Tpl/dispatch_jump.tpl'

[ 2016-05-27T18:26:13+08:00 ] 127.0.0.1 /phpmyadmin/smallTest/shop/?g=Home&c=Goods&a=showlist&search=rewr
ERR: Unable to load template file 'P/Tpl/dispatch_jump.tpl'

[ 2016-05-27T18:26:14+08:00 ] 127.0.0.1 /phpmyadmin/smallTest/shop/?g=Home&c=Goods&a=showlist&search=rewr
ERR: Unable to load template file 'P/Tpl/dispatch_jump.tpl'

[ 2016-05-27T18:26:48+08:00 ] 127.0.0.1 /phpmyadmin/smallTest/shop/?g=Home&c=Goods&a=showlist&search=rewr
ERR: Unable to load template file 'P/Tpl/dispatch_jump.tpl'

[ 2016-05-27T18:26:49+08:00 ] 127.0.0.1 /phpmyadmin/smallTest/shop/?g=Home&c=Goods&a=showlist&search=rewr
ERR: Unable to load template file 'P/Tpl/dispatch_jump.tpl'

[ 2016-05-27T18:26:58+08:00 ] 127.0.0.1 /phpmyadmin/smallTest/shop/?g=Home&c=Goods&a=showlist&search=3
ERR: Unable to load template file 'P/Tpl/dispatch_jump.tpl'

[ 2016-05-27T18:49:36+08:00 ] 127.0.0.1 /phpmyadmin/smallTest/shop/?g=Home&c=Goods&a=showlist&search=rewr
ERR: Unable to load template file 'P/Tpl/dispatch_jump.tpl'

[ 2016-05-27T18:54:38+08:00 ] 127.0.0.1 /phpmyadmin/smallTest/shop/?g=Home&&c=Index&&a=login
ERR: Unable to parse resource name ""

[ 2016-05-27T18:54:40+08:00 ] 127.0.0.1 /phpmyadmin/smallTest/shop/?g=Home&&c=Index&&a=login
ERR: Unable to parse resource name ""

[ 2016-05-27T18:55:57+08:00 ] 127.0.0.1 /phpmyadmin/smallTest/shop/?g=Home&&c=Index&&a=login
ERR: Ê®°Êùø‰∏çÂ≠òÂú®:/usr/share/phpmyadmin/smallTest/shop/Home/View/Index/login.html

[ 2016-05-27T18:55:59+08:00 ] 127.0.0.1 /phpmyadmin/smallTest/shop/?g=Home&&c=Index&&a=login
ERR: Ê®°Êùø‰∏çÂ≠òÂú®:/usr/share/phpmyadmin/smallTest/shop/Home/View/Index/login.html

[ 2016-05-27T18:56:40+08:00 ] 127.0.0.1 /phpmyadmin/smallTest/shop/?g=Home&&c=Index&&a=login
ERR: Ê®°Êùø‰∏çÂ≠òÂú®:/usr/share/phpmyadmin/smallTest/shop/Home/View/Index/index.html.html

[ 2016-05-27T18:56:42+08:00 ] 127.0.0.1 /phpmyadmin/smallTest/shop/?g=Home&&c=Index&&a=login
ERR: Ê®°Êùø‰∏çÂ≠òÂú®:/usr/share/phpmyadmin/smallTest/shop/Home/View/Index/index.html.html

